<?xml version="1.0" encoding="UTF-8"?>
<!-- Generated by org.testng.reporters.JUnitXMLReporter -->
<testsuite ignored="0" hostname="DESKTOP-JU1FUUC" failures="0" tests="7" name="LoginTest" time="0.385" errors="0" timestamp="2023-06-26T18:31:48 IST">
  <testcase classname="core.Page" name="@BeforeTest generateReport" time="-1.687784508305E9">
    <failure type="org.testng.TestNGException" message="
Parameter &amp;apos;key&amp;apos; is required by BeforeTest on method generateReport but has not been marked @Optional or defined
in C:\Users\Circle\eclipse-workspace\SeleniumTestNG\src\test\resources\testng.xml">
      <![CDATA[org.testng.TestNGException: 
Parameter 'key' is required by BeforeTest on method generateReport but has not been marked @Optional or defined
in C:\Users\Circle\eclipse-workspace\SeleniumTestNG\src\test\resources\testng.xml
... Removed 21 stack frames]]>
    </failure>
  </testcase> <!-- @BeforeTest generateReport -->
  <testcase classname="core.Page" name="@BeforeClass makeWBconnection" time="0.0">
    <skipped/>
  </testcase> <!-- @BeforeClass makeWBconnection -->
  <testcase classname="core.Page" name="@BeforeMethod openBrowser" time="0.0">
    <skipped/>
  </testcase> <!-- @BeforeMethod openBrowser -->
  <testcase classname="core.Page" name="@AfterMethod closeBrowser" time="0.0">
    <skipped/>
  </testcase> <!-- @AfterMethod closeBrowser -->
  <testcase classname="core.Page" name="@BeforeMethod openBrowser" time="0.0">
    <skipped/>
  </testcase> <!-- @BeforeMethod openBrowser -->
  <testcase classname="core.Page" name="@AfterMethod closeBrowser" time="0.0">
    <skipped/>
  </testcase> <!-- @AfterMethod closeBrowser -->
  <testcase classname="core.Page" name="@BeforeMethod openBrowser" time="0.0">
    <skipped/>
  </testcase> <!-- @BeforeMethod openBrowser -->
  <testcase classname="core.Page" name="@AfterMethod closeBrowser" time="0.0">
    <skipped/>
  </testcase> <!-- @AfterMethod closeBrowser -->
  <testcase classname="core.Page" name="@BeforeMethod openBrowser" time="0.0">
    <skipped/>
  </testcase> <!-- @BeforeMethod openBrowser -->
  <testcase classname="core.Page" name="@AfterMethod closeBrowser" time="0.0">
    <skipped/>
  </testcase> <!-- @AfterMethod closeBrowser -->
  <testcase classname="core.Page" name="@BeforeMethod openBrowser" time="0.0">
    <skipped/>
  </testcase> <!-- @BeforeMethod openBrowser -->
  <testcase classname="core.Page" name="@AfterMethod closeBrowser" time="0.0">
    <skipped/>
  </testcase> <!-- @AfterMethod closeBrowser -->
  <testcase classname="core.Page" name="@BeforeMethod openBrowser" time="0.0">
    <skipped/>
  </testcase> <!-- @BeforeMethod openBrowser -->
  <testcase classname="core.Page" name="@AfterMethod closeBrowser" time="0.0">
    <skipped/>
  </testcase> <!-- @AfterMethod closeBrowser -->
  <testcase classname="core.Page" name="@BeforeMethod openBrowser" time="0.0">
    <skipped/>
  </testcase> <!-- @BeforeMethod openBrowser -->
  <testcase classname="core.Page" name="@AfterMethod closeBrowser" time="0.0">
    <skipped/>
  </testcase> <!-- @AfterMethod closeBrowser -->
  <testcase classname="core.Page" name="@AfterClass closeWBConnection" time="0.0">
    <skipped/>
  </testcase> <!-- @AfterClass closeWBConnection -->
  <testcase classname="core.Page" name="@AfterTest closeReport" time="0.0">
    <skipped/>
  </testcase> <!-- @AfterTest closeReport -->
  <testcase classname="testcases.LoginTest" name="signin" time="0.0">
    <skipped/>
  </testcase> <!-- signin -->
  <testcase classname="testcases.LoginTest" name="signin" time="0.0">
    <skipped/>
  </testcase> <!-- signin -->
  <testcase classname="testcases.LoginTest" name="signin" time="0.0">
    <skipped/>
  </testcase> <!-- signin -->
  <testcase classname="testcases.LoginTest" name="logintest" time="0.0">
    <skipped/>
  </testcase> <!-- logintest -->
  <testcase classname="testcases.LoginTest" name="logintest" time="0.0">
    <skipped/>
  </testcase> <!-- logintest -->
  <testcase classname="testcases.LoginTest" name="logintest" time="0.001">
    <skipped/>
  </testcase> <!-- logintest -->
  <testcase classname="testcases.LoginTest" name="logintest" time="0.0">
    <skipped/>
  </testcase> <!-- logintest -->
</testsuite> <!-- LoginTest -->
