<!DOCTYPE html PUBLIC "-//W3C//DTD XHTML 1.1//EN" "https://www.w3.org/TR/xhtml11/DTD/xhtml11.dtd">
<html xmlns="https://www.w3.org/1999/xhtml">
<head>
<meta http-equiv="content-type" content="text/html; charset=UTF-8"/>
<title>TestNG Report</title>
<style type="text/css">table {margin-bottom:10px;border-collapse:collapse;empty-cells:show}th,td {border:1px solid #009;padding:.25em .5em}th {vertical-align:bottom}td {vertical-align:top}table a {font-weight:bold}.stripe td {background-color: #E6EBF9}.num {text-align:right}.passedodd td {background-color: #3F3}.passedeven td {background-color: #0A0}.skippedodd td {background-color: #DDD}.skippedeven td {background-color: #CCC}.failedodd td,.attn {background-color: #F33}.failedeven td,.stripe .attn {background-color: #D00}.stacktrace {white-space:pre;font-family:monospace}.totop {font-size:85%;text-align:center;border-bottom:2px solid #000}.invisible {display:none}</style>
</head>
<body>
<table>
<tr><th>Test</th><th># Passed</th><th># Skipped</th><th># Retried</th><th># Failed</th><th>Time (ms)</th><th>Included Groups</th><th>Excluded Groups</th></tr>
<tr><th colspan="8">Suite</th></tr>
<tr><td><a href="#t0">LoginTest</a></td><td class="num">0</td><td class="num attn">7</td><td class="num">0</td><td class="num">0</td><td class="num">385</td><td></td><td></td></tr>
<tr class="stripe"><td><a href="#t1">ShopTest</a></td><td class="num">0</td><td class="num attn">3</td><td class="num">0</td><td class="num">0</td><td class="num">13</td><td></td><td></td></tr>
<tr><th>Total</th><th class="num">0</th><th class="num attn">10</th><th class="num">0</th><th class="num">0</th><th class="num">398</th><th colspan="2"></th></tr>
</table>
<table id='summary'><thead><tr><th>Class</th><th>Method</th><th>Start</th><th>Time (ms)</th></tr></thead><tbody><tr><th colspan="4">Suite</th></tr></tbody><tbody id="t0"><tr><th colspan="4">LoginTest &#8212; failed (configuration methods)</th></tr><tr class="failedeven"><td rowspan="1">testcases.LoginTest</td><td><a href="#m0">generateReport</a></td><td rowspan="1">1687784508305</td><td rowspan="1">-1687784508305</td></tr><tr><th colspan="4">LoginTest &#8212; skipped (configuration methods)</th></tr><tr class="skippedeven"><td rowspan="17">testcases.LoginTest</td><td><a href="#m1">closeBrowser</a></td><td rowspan="7">1687784508372</td><td rowspan="7">0</td></tr><tr class="skippedeven"><td><a href="#m2">closeBrowser</a></td></tr><tr class="skippedeven"><td><a href="#m3">closeBrowser</a></td></tr><tr class="skippedeven"><td><a href="#m4">closeBrowser</a></td></tr><tr class="skippedeven"><td><a href="#m5">closeBrowser</a></td></tr><tr class="skippedeven"><td><a href="#m6">closeBrowser</a></td></tr><tr class="skippedeven"><td><a href="#m7">closeBrowser</a></td></tr><tr class="skippedeven"><td><a href="#m8">closeReport</a></td><td rowspan="1">1687784508679</td><td rowspan="1">0</td></tr><tr class="skippedeven"><td><a href="#m9">closeWBConnection</a></td><td rowspan="1">1687784508678</td><td rowspan="1">0</td></tr><tr class="skippedeven"><td><a href="#m10">makeWBconnection</a></td><td rowspan="1">1687784508344</td><td rowspan="1">0</td></tr><tr class="skippedeven"><td><a href="#m11">openBrowser</a></td><td rowspan="7">1687784508373</td><td rowspan="7">0</td></tr><tr class="skippedeven"><td><a href="#m12">openBrowser</a></td></tr><tr class="skippedeven"><td><a href="#m13">openBrowser</a></td></tr><tr class="skippedeven"><td><a href="#m14">openBrowser</a></td></tr><tr class="skippedeven"><td><a href="#m15">openBrowser</a></td></tr><tr class="skippedeven"><td><a href="#m16">openBrowser</a></td></tr><tr class="skippedeven"><td><a href="#m17">openBrowser</a></td></tr><tr><th colspan="4">LoginTest &#8212; skipped</th></tr><tr class="skippedeven"><td rowspan="7">testcases.LoginTest</td><td><a href="#m18">logintest</a></td><td rowspan="4">1687784508671</td><td rowspan="4">1</td></tr><tr class="skippedeven"><td><a href="#m19">logintest</a></td></tr><tr class="skippedeven"><td><a href="#m20">logintest</a></td></tr><tr class="skippedeven"><td><a href="#m21">logintest</a></td></tr><tr class="skippedeven"><td><a href="#m22">signin</a></td><td rowspan="3">1687784508364</td><td rowspan="3">0</td></tr><tr class="skippedeven"><td><a href="#m23">signin</a></td></tr><tr class="skippedeven"><td><a href="#m24">signin</a></td></tr></tbody>
<tbody id="t1"><tr><th colspan="4">ShopTest &#8212; failed (configuration methods)</th></tr><tr class="failedeven"><td rowspan="1">testcases.ShopTest</td><td><a href="#m25">generateReport</a></td><td rowspan="1">1687784508715</td><td rowspan="1">-1687784508715</td></tr><tr><th colspan="4">ShopTest &#8212; skipped (configuration methods)</th></tr><tr class="skippedeven"><td rowspan="9">testcases.ShopTest</td><td><a href="#m26">closeBrowser</a></td><td rowspan="3">1687784508725</td><td rowspan="3">0</td></tr><tr class="skippedeven"><td><a href="#m27">closeBrowser</a></td></tr><tr class="skippedeven"><td><a href="#m28">closeBrowser</a></td></tr><tr class="skippedeven"><td><a href="#m29">closeReport</a></td><td rowspan="1">1687784508727</td><td rowspan="1">0</td></tr><tr class="skippedeven"><td><a href="#m30">closeWBConnection</a></td><td rowspan="1">1687784508726</td><td rowspan="1">0</td></tr><tr class="skippedeven"><td><a href="#m31">makeWBconnection</a></td><td rowspan="1">1687784508717</td><td rowspan="1">0</td></tr><tr class="skippedeven"><td><a href="#m32">openBrowser</a></td><td rowspan="3">1687784508718</td><td rowspan="3">0</td></tr><tr class="skippedeven"><td><a href="#m33">openBrowser</a></td></tr><tr class="skippedeven"><td><a href="#m34">openBrowser</a></td></tr><tr><th colspan="4">ShopTest &#8212; skipped</th></tr><tr class="skippedeven"><td rowspan="3">testcases.ShopTest</td><td><a href="#m35">deliverstatus</a></td><td rowspan="1">1687784508724</td><td rowspan="1">0</td></tr><tr class="skippedeven"><td><a href="#m36">paymentTest</a></td><td rowspan="1">1687784508722</td><td rowspan="1">0</td></tr><tr class="skippedeven"><td><a href="#m37">qordertest</a></td><td rowspan="1">1687784508719</td><td rowspan="1">0</td></tr></tbody>
</table>
<h2>LoginTest</h2><h3 id="m0">testcases.LoginTest#generateReport</h3><table class="result"><tr><th>Exception</th></tr><tr><td><div class="stacktrace">org.testng.TestNGException: 
Parameter &apos;key&apos; is required by BeforeTest on method generateReport but has not been marked @Optional or defined
in C:\Users\Circle\eclipse-workspace\SeleniumTestNG\src\test\resources\testng.xml
... Removed 21 stack frames</div></td></tr></table><p class="totop"><a href="#summary">back to summary</a></p>
<h3 id="m1">testcases.LoginTest#closeBrowser</h3><table class="result"><tr><th class="invisible"/></tr></table><p class="totop"><a href="#summary">back to summary</a></p>
<h3 id="m2">testcases.LoginTest#closeBrowser</h3><table class="result"><tr><th class="invisible"/></tr></table><p class="totop"><a href="#summary">back to summary</a></p>
<h3 id="m3">testcases.LoginTest#closeBrowser</h3><table class="result"><tr><th class="invisible"/></tr></table><p class="totop"><a href="#summary">back to summary</a></p>
<h3 id="m4">testcases.LoginTest#closeBrowser</h3><table class="result"><tr><th class="invisible"/></tr></table><p class="totop"><a href="#summary">back to summary</a></p>
<h3 id="m5">testcases.LoginTest#closeBrowser</h3><table class="result"><tr><th class="invisible"/></tr></table><p class="totop"><a href="#summary">back to summary</a></p>
<h3 id="m6">testcases.LoginTest#closeBrowser</h3><table class="result"><tr><th class="invisible"/></tr></table><p class="totop"><a href="#summary">back to summary</a></p>
<h3 id="m7">testcases.LoginTest#closeBrowser</h3><table class="result"><tr><th class="invisible"/></tr></table><p class="totop"><a href="#summary">back to summary</a></p>
<h3 id="m8">testcases.LoginTest#closeReport</h3><table class="result"><tr><th class="invisible"/></tr></table><p class="totop"><a href="#summary">back to summary</a></p>
<h3 id="m9">testcases.LoginTest#closeWBConnection</h3><table class="result"><tr><th class="invisible"/></tr></table><p class="totop"><a href="#summary">back to summary</a></p>
<h3 id="m10">testcases.LoginTest#makeWBconnection</h3><table class="result"><tr><th class="invisible"/></tr></table><p class="totop"><a href="#summary">back to summary</a></p>
<h3 id="m11">testcases.LoginTest#openBrowser</h3><table class="result"><tr><th class="invisible"/></tr></table><p class="totop"><a href="#summary">back to summary</a></p>
<h3 id="m12">testcases.LoginTest#openBrowser</h3><table class="result"><tr><th class="invisible"/></tr></table><p class="totop"><a href="#summary">back to summary</a></p>
<h3 id="m13">testcases.LoginTest#openBrowser</h3><table class="result"><tr><th class="invisible"/></tr></table><p class="totop"><a href="#summary">back to summary</a></p>
<h3 id="m14">testcases.LoginTest#openBrowser</h3><table class="result"><tr><th class="invisible"/></tr></table><p class="totop"><a href="#summary">back to summary</a></p>
<h3 id="m15">testcases.LoginTest#openBrowser</h3><table class="result"><tr><th class="invisible"/></tr></table><p class="totop"><a href="#summary">back to summary</a></p>
<h3 id="m16">testcases.LoginTest#openBrowser</h3><table class="result"><tr><th class="invisible"/></tr></table><p class="totop"><a href="#summary">back to summary</a></p>
<h3 id="m17">testcases.LoginTest#openBrowser</h3><table class="result"><tr><th class="invisible"/></tr></table><p class="totop"><a href="#summary">back to summary</a></p>
<h3 id="m18">testcases.LoginTest#logintest</h3><table class="result"><tr class="param"><th>Parameter #1</th><th>Parameter #2</th></tr><tr class="param stripe"><td>rahul</td><td>0.3</td></tr><tr><th colspan="2">Exception</th></tr><tr><td colspan="2"><div class="stacktrace">org.testng.TestNGException: 
Parameter &apos;key&apos; is required by BeforeTest on method generateReport but has not been marked @Optional or defined
in C:\Users\Circle\eclipse-workspace\SeleniumTestNG\src\test\resources\testng.xml
... Removed 21 stack frames</div></td></tr></table><p class="totop"><a href="#summary">back to summary</a></p>
<h3 id="m19">testcases.LoginTest#logintest</h3><table class="result"><tr class="param"><th>Parameter #1</th><th>Parameter #2</th></tr><tr class="param stripe"><td>akhila</td><td>0.2</td></tr><tr><th colspan="2">Exception</th></tr><tr><td colspan="2"><div class="stacktrace">org.testng.TestNGException: 
Parameter &apos;key&apos; is required by BeforeTest on method generateReport but has not been marked @Optional or defined
in C:\Users\Circle\eclipse-workspace\SeleniumTestNG\src\test\resources\testng.xml
... Removed 21 stack frames</div></td></tr></table><p class="totop"><a href="#summary">back to summary</a></p>
<h3 id="m20">testcases.LoginTest#logintest</h3><table class="result"><tr class="param"><th>Parameter #1</th><th>Parameter #2</th></tr><tr class="param stripe"><td>vishal</td><td>0.4</td></tr><tr><th colspan="2">Exception</th></tr><tr><td colspan="2"><div class="stacktrace">org.testng.TestNGException: 
Parameter &apos;key&apos; is required by BeforeTest on method generateReport but has not been marked @Optional or defined
in C:\Users\Circle\eclipse-workspace\SeleniumTestNG\src\test\resources\testng.xml
... Removed 21 stack frames</div></td></tr></table><p class="totop"><a href="#summary">back to summary</a></p>
<h3 id="m21">testcases.LoginTest#logintest</h3><table class="result"><tr class="param"><th>Parameter #1</th><th>Parameter #2</th></tr><tr class="param stripe"><td>Gita</td><td>0.1</td></tr><tr><th colspan="2">Exception</th></tr><tr><td colspan="2"><div class="stacktrace">org.testng.TestNGException: 
Parameter &apos;key&apos; is required by BeforeTest on method generateReport but has not been marked @Optional or defined
in C:\Users\Circle\eclipse-workspace\SeleniumTestNG\src\test\resources\testng.xml
... Removed 21 stack frames</div></td></tr></table><p class="totop"><a href="#summary">back to summary</a></p>
<h3 id="m22">testcases.LoginTest#signin</h3><table class="result"><tr class="param"><th>Parameter #1</th><th>Parameter #2</th><th>Parameter #3</th></tr><tr class="param stripe"><td>Ram</td><td>32</td><td>89.45</td></tr><tr><th colspan="3">Exception</th></tr><tr><td colspan="3"><div class="stacktrace">org.testng.TestNGException: 
Parameter &apos;key&apos; is required by BeforeTest on method generateReport but has not been marked @Optional or defined
in C:\Users\Circle\eclipse-workspace\SeleniumTestNG\src\test\resources\testng.xml
... Removed 21 stack frames</div></td></tr></table><p class="totop"><a href="#summary">back to summary</a></p>
<h3 id="m23">testcases.LoginTest#signin</h3><table class="result"><tr class="param"><th>Parameter #1</th><th>Parameter #2</th><th>Parameter #3</th></tr><tr class="param stripe"><td>Krishn</td><td>12</td><td>98.32</td></tr><tr><th colspan="3">Exception</th></tr><tr><td colspan="3"><div class="stacktrace">org.testng.TestNGException: 
Parameter &apos;key&apos; is required by BeforeTest on method generateReport but has not been marked @Optional or defined
in C:\Users\Circle\eclipse-workspace\SeleniumTestNG\src\test\resources\testng.xml
... Removed 21 stack frames</div></td></tr></table><p class="totop"><a href="#summary">back to summary</a></p>
<h3 id="m24">testcases.LoginTest#signin</h3><table class="result"><tr class="param"><th>Parameter #1</th><th>Parameter #2</th><th>Parameter #3</th></tr><tr class="param stripe"><td>Krishn</td><td>56</td><td>45.89</td></tr><tr><th colspan="3">Exception</th></tr><tr><td colspan="3"><div class="stacktrace">org.testng.TestNGException: 
Parameter &apos;key&apos; is required by BeforeTest on method generateReport but has not been marked @Optional or defined
in C:\Users\Circle\eclipse-workspace\SeleniumTestNG\src\test\resources\testng.xml
... Removed 21 stack frames</div></td></tr></table><p class="totop"><a href="#summary">back to summary</a></p>
<h2>ShopTest</h2><h3 id="m25">testcases.ShopTest#generateReport</h3><table class="result"><tr><th>Exception</th></tr><tr><td><div class="stacktrace">org.testng.TestNGException: 
Parameter &apos;key&apos; is required by BeforeTest on method generateReport but has not been marked @Optional or defined
in C:\Users\Circle\eclipse-workspace\SeleniumTestNG\src\test\resources\testng.xml
... Removed 21 stack frames</div></td></tr></table><p class="totop"><a href="#summary">back to summary</a></p>
<h3 id="m26">testcases.ShopTest#closeBrowser</h3><table class="result"><tr><th class="invisible"/></tr></table><p class="totop"><a href="#summary">back to summary</a></p>
<h3 id="m27">testcases.ShopTest#closeBrowser</h3><table class="result"><tr><th class="invisible"/></tr></table><p class="totop"><a href="#summary">back to summary</a></p>
<h3 id="m28">testcases.ShopTest#closeBrowser</h3><table class="result"><tr><th class="invisible"/></tr></table><p class="totop"><a href="#summary">back to summary</a></p>
<h3 id="m29">testcases.ShopTest#closeReport</h3><table class="result"><tr><th class="invisible"/></tr></table><p class="totop"><a href="#summary">back to summary</a></p>
<h3 id="m30">testcases.ShopTest#closeWBConnection</h3><table class="result"><tr><th class="invisible"/></tr></table><p class="totop"><a href="#summary">back to summary</a></p>
<h3 id="m31">testcases.ShopTest#makeWBconnection</h3><table class="result"><tr><th class="invisible"/></tr></table><p class="totop"><a href="#summary">back to summary</a></p>
<h3 id="m32">testcases.ShopTest#openBrowser</h3><table class="result"><tr><th class="invisible"/></tr></table><p class="totop"><a href="#summary">back to summary</a></p>
<h3 id="m33">testcases.ShopTest#openBrowser</h3><table class="result"><tr><th class="invisible"/></tr></table><p class="totop"><a href="#summary">back to summary</a></p>
<h3 id="m34">testcases.ShopTest#openBrowser</h3><table class="result"><tr><th class="invisible"/></tr></table><p class="totop"><a href="#summary">back to summary</a></p>
<h3 id="m35">testcases.ShopTest#deliverstatus</h3><table class="result"><tr><th>Exception</th></tr><tr><td><div class="stacktrace">org.testng.TestNGException: 
Parameter &apos;key&apos; is required by BeforeTest on method generateReport but has not been marked @Optional or defined
in C:\Users\Circle\eclipse-workspace\SeleniumTestNG\src\test\resources\testng.xml
... Removed 21 stack frames</div></td></tr></table><p class="totop"><a href="#summary">back to summary</a></p>
<h3 id="m36">testcases.ShopTest#paymentTest</h3><table class="result"><tr><th>Exception</th></tr><tr><td><div class="stacktrace">org.testng.TestNGException: 
Parameter &apos;key&apos; is required by BeforeTest on method generateReport but has not been marked @Optional or defined
in C:\Users\Circle\eclipse-workspace\SeleniumTestNG\src\test\resources\testng.xml
... Removed 21 stack frames</div></td></tr></table><p class="totop"><a href="#summary">back to summary</a></p>
<h3 id="m37">testcases.ShopTest#qordertest</h3><table class="result"><tr><th>Exception</th></tr><tr><td><div class="stacktrace">org.testng.TestNGException: 
Parameter &apos;key&apos; is required by BeforeTest on method generateReport but has not been marked @Optional or defined
in C:\Users\Circle\eclipse-workspace\SeleniumTestNG\src\test\resources\testng.xml
... Removed 21 stack frames</div></td></tr></table><p class="totop"><a href="#summary">back to summary</a></p>
</body>
</html>
