<?xml version="1.0" encoding="UTF-8"?>
<!-- Generated by org.testng.reporters.JUnitReportReporter -->
<testsuite hostname="DESKTOP-JU1FUUC" failures="0" tests="8" name="testcases.LoginTest" time="-1687784576.000" errors="1" timestamp="2023-06-26T18:31:48 IST" skipped="7">
  <testcase classname="testcases.LoginTest" name="generateReport" time="-1687784576.000">
    <error message="
Parameter &#039;key&#039; is required by BeforeTest on method generateReport but has not been marked @Optional or defined
in C:\Users\Circle\eclipse-workspace\SeleniumTestNG\src\test\resources\testng.xml" type="org.testng.TestNGException">
      <![CDATA[org.testng.TestNGException: 
Parameter 'key' is required by BeforeTest on method generateReport but has not been marked @Optional or defined
in C:\Users\Circle\eclipse-workspace\SeleniumTestNG\src\test\resources\testng.xml
at org.testng.internal.Parameters.createParams(Parameters.java:267)
at org.testng.internal.Parameters.createParametersForMethod(Parameters.java:355)
at org.testng.internal.Parameters.createParameters(Parameters.java:684)
at org.testng.internal.Parameters.createConfigurationParameters(Parameters.java:166)
at org.testng.internal.invokers.ConfigInvoker.invokeConfigurations(ConfigInvoker.java:306)
at org.testng.TestRunner.invokeTestConfigurations(TestRunner.java:663)
at org.testng.TestRunner.beforeRun(TestRunner.java:652)
at org.testng.TestRunner.run(TestRunner.java:614)
at org.testng.SuiteRunner.runTest(SuiteRunner.java:443)
at org.testng.SuiteRunner.runSequentially(SuiteRunner.java:437)
at org.testng.SuiteRunner.privateRun(SuiteRunner.java:397)
at org.testng.SuiteRunner.run(SuiteRunner.java:336)
at org.testng.SuiteRunnerWorker.runSuite(SuiteRunnerWorker.java:52)
at org.testng.SuiteRunnerWorker.run(SuiteRunnerWorker.java:95)
at org.testng.TestNG.runSuitesSequentially(TestNG.java:1280)
at org.testng.TestNG.runSuitesLocally(TestNG.java:1200)
at org.testng.TestNG.runSuites(TestNG.java:1114)
at org.testng.TestNG.run(TestNG.java:1082)
at org.testng.remote.AbstractRemoteTestNG.run(AbstractRemoteTestNG.java:115)
at org.testng.remote.RemoteTestNG.initAndRun(RemoteTestNG.java:251)
at org.testng.remote.RemoteTestNG.main(RemoteTestNG.java:77)
]]>
    </error>
  </testcase> <!-- generateReport -->
  <testcase classname="testcases.LoginTest" name="signin" time="0.000">
    <skipped/>
  </testcase> <!-- signin -->
  <testcase classname="testcases.LoginTest" name="signin" time="0.000">
    <skipped/>
  </testcase> <!-- signin -->
  <testcase classname="testcases.LoginTest" name="signin" time="0.000">
    <skipped/>
  </testcase> <!-- signin -->
  <testcase classname="testcases.LoginTest" name="logintest" time="0.001">
    <skipped/>
  </testcase> <!-- logintest -->
  <testcase classname="testcases.LoginTest" name="logintest" time="0.000">
    <skipped/>
  </testcase> <!-- logintest -->
  <testcase classname="testcases.LoginTest" name="logintest" time="0.000">
    <skipped/>
  </testcase> <!-- logintest -->
  <testcase classname="testcases.LoginTest" name="logintest" time="0.000">
    <skipped/>
  </testcase> <!-- logintest -->
</testsuite> <!-- testcases.LoginTest -->
